<?xml version="1.0" encoding="UTF-8"?>
<testng-results skipped="0" failed="0" ignored="0" total="1" passed="1">
  <reporter-output>
  </reporter-output>
  <suite name="Default suite" duration-ms="21536" started-at="2021-05-14T05:06:09Z" finished-at="2021-05-14T05:06:31Z">
    <groups>
    </groups>
    <test name="Default test" duration-ms="21536" started-at="2021-05-14T05:06:09Z" finished-at="2021-05-14T05:06:31Z">
      <class name="InterviewWalletHub.InterviewTests.WriteReview">
        <test-method status="PASS" signature="logIn()[pri:0, instance:InterviewWalletHub.InterviewTests.WriteReview@57fffcd7]" name="logIn" duration-ms="21464" started-at="2021-05-14T05:06:09Z" finished-at="2021-05-14T05:06:31Z">
          <reporter-output>
          </reporter-output>
        </test-method> <!-- logIn -->
      </class> <!-- InterviewWalletHub.InterviewTests.WriteReview -->
    </test> <!-- Default test -->
  </suite> <!-- Default suite -->
</testng-results>
